<?xml version="1.0" encoding="UTF-8"?>
<testng-results skipped="0" failed="1" total="2" passed="1">
  <reporter-output>
  </reporter-output>
  <suite name="Default suite" duration-ms="57172" started-at="2016-11-10T21:40:59Z" finished-at="2016-11-10T21:41:56Z">
    <groups>
    </groups>
    <test name="Default test" duration-ms="57172" started-at="2016-11-10T21:40:59Z" finished-at="2016-11-10T21:41:56Z">
      <class name="testcases.VerifyRegisterationDetails">
        <test-method status="PASS" signature="openApplication()[pri:0, instance:testcases.VerifyRegisterationDetails@53045c6c]" name="openApplication" is-config="true" duration-ms="4091" started-at="2016-11-10T16:40:59Z" finished-at="2016-11-10T16:41:03Z">
          <reporter-output>
          </reporter-output>
        </test-method> <!-- openApplication -->
        <test-method status="PASS" signature="testHomePage()[pri:0, instance:testcases.VerifyRegisterationDetails@53045c6c]" name="testHomePage" duration-ms="2074" started-at="2016-11-10T16:41:03Z" finished-at="2016-11-10T16:41:05Z">
          <reporter-output>
          </reporter-output>
        </test-method> <!-- testHomePage -->
        <test-method status="FAIL" signature="UserRegisterationDetails()[pri:1, instance:testcases.VerifyRegisterationDetails@53045c6c]" name="UserRegisterationDetails" duration-ms="50462" started-at="2016-11-10T16:41:05Z" finished-at="2016-11-10T16:41:56Z">
          <exception class="java.lang.NullPointerException">
            <full-stacktrace>
              <![CDATA[java.lang.NullPointerException
	at Pages.SignupforUserRegisteration.userregisterationdetails1(SignupforUserRegisteration.java:61)
	at testcases.VerifyRegisterationDetails.UserRegisterationDetails(VerifyRegisterationDetails.java:81)
	at sun.reflect.NativeMethodAccessorImpl.invoke0(Native Method)
	at sun.reflect.NativeMethodAccessorImpl.invoke(NativeMethodAccessorImpl.java:62)
	at sun.reflect.DelegatingMethodAccessorImpl.invoke(DelegatingMethodAccessorImpl.java:43)
	at java.lang.reflect.Method.invoke(Method.java:498)
	at org.testng.internal.MethodInvocationHelper.invokeMethod(MethodInvocationHelper.java:85)
	at org.testng.internal.Invoker.invokeMethod(Invoker.java:639)
	at org.testng.internal.Invoker.invokeTestMethod(Invoker.java:816)
	at org.testng.internal.Invoker.invokeTestMethods(Invoker.java:1124)
	at org.testng.internal.TestMethodWorker.invokeTestMethods(TestMethodWorker.java:125)
	at org.testng.internal.TestMethodWorker.run(TestMethodWorker.java:108)
	at org.testng.TestRunner.privateRun(TestRunner.java:774)
	at org.testng.TestRunner.run(TestRunner.java:624)
	at org.testng.SuiteRunner.runTest(SuiteRunner.java:359)
	at org.testng.SuiteRunner.runSequentially(SuiteRunner.java:354)
	at org.testng.SuiteRunner.privateRun(SuiteRunner.java:312)
	at org.testng.SuiteRunner.run(SuiteRunner.java:261)
	at org.testng.SuiteRunnerWorker.runSuite(SuiteRunnerWorker.java:52)
	at org.testng.SuiteRunnerWorker.run(SuiteRunnerWorker.java:86)
	at org.testng.TestNG.runSuitesSequentially(TestNG.java:1215)
	at org.testng.TestNG.runSuitesLocally(TestNG.java:1140)
	at org.testng.TestNG.run(TestNG.java:1048)
	at org.testng.remote.AbstractRemoteTestNG.run(AbstractRemoteTestNG.java:126)
	at org.testng.remote.RemoteTestNG.initAndRun(RemoteTestNG.java:137)
	at org.testng.remote.RemoteTestNG.main(RemoteTestNG.java:58)
]]>
            </full-stacktrace>
          </exception> <!-- java.lang.NullPointerException -->
          <reporter-output>
          </reporter-output>
        </test-method> <!-- UserRegisterationDetails -->
        <test-method status="PASS" signature="closeApplication()[pri:0, instance:testcases.VerifyRegisterationDetails@53045c6c]" name="closeApplication" is-config="true" duration-ms="532" started-at="2016-11-10T16:41:56Z" finished-at="2016-11-10T16:41:56Z">
          <reporter-output>
          </reporter-output>
        </test-method> <!-- closeApplication -->
      </class> <!-- testcases.VerifyRegisterationDetails -->
    </test> <!-- Default test -->
  </suite> <!-- Default suite -->
</testng-results>
